


Processing UsersController#new (for 127.0.0.1 at 2010-11-02 15:56:24) [GET]

ActiveRecord::StatementInvalid (Could not find table 'users'):
  app/controllers/users_controller.rb:27:in `new'
  app/controllers/users_controller.rb:27:in `new'

Rendered rescues/_trace (80.2ms)
Rendered rescues/_request_and_response (1.1ms)
Rendering rescues/layout (internal_server_error)


Processing ApplicationController#index (for 127.0.0.1 at 2010-11-02 15:56:28) [GET]

ActionController::RoutingError (No route matches "/user" with {:method=>:get}):
  

Rendering rescues/layout (not_found)
  [4;36;1mSQL (0.2ms)[0m   [0;1m SELECT name
 FROM sqlite_master
 WHERE type = 'table' AND NOT name = 'sqlite_sequence'
[0m
  [4;35;1mSQL (0.1ms)[0m   [0mselect sqlite_version(*)[0m
  [4;36;1mSQL (2.8ms)[0m   [0;1mCREATE TABLE "schema_migrations" ("version" varchar(255) NOT NULL) [0m
  [4;35;1mSQL (1.2ms)[0m   [0mCREATE UNIQUE INDEX "unique_schema_migrations" ON "schema_migrations" ("version")[0m
  [4;36;1mSQL (0.1ms)[0m   [0;1m SELECT name
 FROM sqlite_master
 WHERE type = 'table' AND NOT name = 'sqlite_sequence'
[0m
  [4;35;1mSQL (0.1ms)[0m   [0mSELECT version FROM schema_migrations[0m
Migrating to CreateUsers (20101102225526)
  [4;36;1mSQL (0.4ms)[0m   [0;1mCREATE TABLE "users" ("id" INTEGER PRIMARY KEY AUTOINCREMENT NOT NULL, "name" varchar(255), "created_at" datetime, "updated_at" datetime) [0m
  [4;35;1mSQL (0.1ms)[0m   [0mINSERT INTO schema_migrations (version) VALUES ('20101102225526')[0m
  [4;36;1mSQL (0.3ms)[0m   [0;1m SELECT name
 FROM sqlite_master
 WHERE type = 'table' AND NOT name = 'sqlite_sequence'
[0m
  [4;35;1mSQL (0.1ms)[0m   [0mSELECT version FROM schema_migrations[0m
  [4;36;1mSQL (0.1ms)[0m   [0;1m SELECT name
 FROM sqlite_master
 WHERE type = 'table' AND NOT name = 'sqlite_sequence'
[0m
  [4;35;1mSQL (0.0ms)[0m   [0mPRAGMA index_list("users")[0m


Processing ApplicationController#index (for 127.0.0.1 at 2010-11-02 15:56:45) [GET]

ActionController::RoutingError (No route matches "/user" with {:method=>:get}):
  

Rendering rescues/layout (not_found)


Processing ApplicationController#index (for 127.0.0.1 at 2010-11-02 15:56:47) [GET]

ActionController::RoutingError (No route matches "/user" with {:method=>:get}):
  

Rendering rescues/layout (not_found)


Processing UsersController#index (for 127.0.0.1 at 2010-11-02 15:57:01) [GET]
  [4;36;1mUser Load (0.3ms)[0m   [0;1mSELECT * FROM "users" [0m
Rendering template within layouts/users
Rendering users/index
Completed in 26ms (View: 23, DB: 0) | 200 OK [http://0.0.0.0/users]


Processing UsersController#new (for 127.0.0.1 at 2010-11-02 15:57:04) [GET]
Rendering template within layouts/users
Rendering users/new
Completed in 11ms (View: 7, DB: 0) | 200 OK [http://0.0.0.0/users/new]


Processing UsersController#create (for 127.0.0.1 at 2010-11-02 15:57:07) [POST]
  Parameters: {"commit"=>"Create", "authenticity_token"=>"wUYj6SYcJWQ2cpq7J45JM2fjB5QvBhgNl967xj2EegA=", "user"=>{"name"=>"Kamil"}}
  [4;35;1mUser Create (0.4ms)[0m   [0mINSERT INTO "users" ("name", "created_at", "updated_at") VALUES('Kamil', '2010-11-02 22:57:07', '2010-11-02 22:57:07')[0m
Redirected to http://0.0.0.0:3000/users/1
Completed in 9ms (DB: 0) | 302 Found [http://0.0.0.0/users]


Processing UsersController#show (for 127.0.0.1 at 2010-11-02 15:57:07) [GET]
  Parameters: {"id"=>"1"}
  [4;36;1mUser Load (0.2ms)[0m   [0;1mSELECT * FROM "users" WHERE ("users"."id" = 1) [0m
Rendering template within layouts/users
Rendering users/show
Completed in 57ms (View: 5, DB: 0) | 200 OK [http://0.0.0.0/users/1]


Processing UsersController#edit (for 127.0.0.1 at 2010-11-02 15:57:10) [GET]
  Parameters: {"id"=>"1"}
  [4;35;1mUser Load (0.2ms)[0m   [0mSELECT * FROM "users" WHERE ("users"."id" = 1) [0m
Rendering template within layouts/users
Rendering users/edit
Completed in 13ms (View: 8, DB: 0) | 200 OK [http://0.0.0.0/users/1/edit]


Processing UsersController#index (for 127.0.0.1 at 2010-11-02 15:57:12) [GET]
  [4;36;1mUser Load (0.4ms)[0m   [0;1mSELECT * FROM "users" [0m
Rendering template within layouts/users
Rendering users/index
Completed in 9ms (View: 5, DB: 0) | 200 OK [http://0.0.0.0/users]


Processing UsersController#new (for 127.0.0.1 at 2010-11-02 15:57:15) [GET]
Rendering template within layouts/users
Rendering users/new
Completed in 7ms (View: 3, DB: 0) | 200 OK [http://0.0.0.0/users/new]


Processing UsersController#create (for 127.0.0.1 at 2010-11-02 15:57:18) [POST]
  Parameters: {"commit"=>"Create", "authenticity_token"=>"wUYj6SYcJWQ2cpq7J45JM2fjB5QvBhgNl967xj2EegA=", "user"=>{"name"=>"Jeff"}}
  [4;35;1mUser Create (0.3ms)[0m   [0mINSERT INTO "users" ("name", "created_at", "updated_at") VALUES('Jeff', '2010-11-02 22:57:18', '2010-11-02 22:57:18')[0m
Redirected to http://0.0.0.0:3000/users/2
Completed in 8ms (DB: 0) | 302 Found [http://0.0.0.0/users]


Processing UsersController#show (for 127.0.0.1 at 2010-11-02 15:57:18) [GET]
  Parameters: {"id"=>"2"}
  [4;36;1mUser Load (0.2ms)[0m   [0;1mSELECT * FROM "users" WHERE ("users"."id" = 2) [0m
Rendering template within layouts/users
Rendering users/show
Completed in 8ms (View: 2, DB: 0) | 200 OK [http://0.0.0.0/users/2]


Processing UsersController#index (for 127.0.0.1 at 2010-11-02 15:57:21) [GET]
  [4;35;1mUser Load (0.5ms)[0m   [0mSELECT * FROM "users" [0m
Rendering template within layouts/users
Rendering users/index
Completed in 11ms (View: 7, DB: 0) | 200 OK [http://0.0.0.0/users]
